0 info it worked if it ends with ok
1 verbose cli [ '/usr/local/bin/node', '/usr/local/bin/npm', 'run', 'deploy' ]
2 info using npm@3.6.0
3 info using node@v5.6.0
4 verbose run-script [ 'predeploy', 'deploy', 'postdeploy' ]
5 info lifecycle web-design-workshop@2.0.0~predeploy: web-design-workshop@2.0.0
6 verbose lifecycle web-design-workshop@2.0.0~predeploy: unsafe-perm in lifecycle true
7 verbose lifecycle web-design-workshop@2.0.0~predeploy: PATH: /usr/local/lib/node_modules/npm/bin/node-gyp-bin:/Users/nwiselocal/Personal/web-design-workshop/node_modules/.bin:/Users/nwiselocal/.rvm/gems/ruby-2.0.0-p195/bin:/Users/nwiselocal/.rvm/gems/ruby-2.0.0-p195@global/bin:/Users/nwiselocal/.rvm/rubies/ruby-2.0.0-p195/bin:/Users/nwiselocal/.rvm/bin:/usr/local/bin:/usr/local/sbin:/usr/local/share/npm/bin:~/bin:/usr/local/bin:/usr/bin:/bin:/usr/sbin:/sbin:/opt/X11/bin:/usr/local/go/bin:/Library/TeX/texbin:/Users/nwiselocal/ResDev/adt-bundle/sdk/platform-tools:/Users/nwiselocal/ResDev/adt-bundle/sdk/tools:/Users/nwiselocal/bin:./node_modules/.bin:/Users/nwiselocal/go/bin:/Applications/Argyll_V1.8.3/bin
8 verbose lifecycle web-design-workshop@2.0.0~predeploy: CWD: /Users/nwiselocal/Personal/web-design-workshop
9 silly lifecycle web-design-workshop@2.0.0~predeploy: Args: [ '-c', 'npm run prestart' ]
10 silly lifecycle web-design-workshop@2.0.0~predeploy: Returned: code: 0  signal: null
11 info lifecycle web-design-workshop@2.0.0~deploy: web-design-workshop@2.0.0
12 verbose lifecycle web-design-workshop@2.0.0~deploy: unsafe-perm in lifecycle true
13 verbose lifecycle web-design-workshop@2.0.0~deploy: PATH: /usr/local/lib/node_modules/npm/bin/node-gyp-bin:/Users/nwiselocal/Personal/web-design-workshop/node_modules/.bin:/Users/nwiselocal/.rvm/gems/ruby-2.0.0-p195/bin:/Users/nwiselocal/.rvm/gems/ruby-2.0.0-p195@global/bin:/Users/nwiselocal/.rvm/rubies/ruby-2.0.0-p195/bin:/Users/nwiselocal/.rvm/bin:/usr/local/bin:/usr/local/sbin:/usr/local/share/npm/bin:~/bin:/usr/local/bin:/usr/bin:/bin:/usr/sbin:/sbin:/opt/X11/bin:/usr/local/go/bin:/Library/TeX/texbin:/Users/nwiselocal/ResDev/adt-bundle/sdk/platform-tools:/Users/nwiselocal/ResDev/adt-bundle/sdk/tools:/Users/nwiselocal/bin:./node_modules/.bin:/Users/nwiselocal/go/bin:/Applications/Argyll_V1.8.3/bin
14 verbose lifecycle web-design-workshop@2.0.0~deploy: CWD: /Users/nwiselocal/Personal/web-design-workshop
15 silly lifecycle web-design-workshop@2.0.0~deploy: Args: [ '-c', 'surge build/ --domain css-rules.surge.sh' ]
16 silly lifecycle web-design-workshop@2.0.0~deploy: Returned: code: 1  signal: null
17 info lifecycle web-design-workshop@2.0.0~deploy: Failed to exec deploy script
18 verbose stack Error: web-design-workshop@2.0.0 deploy: `surge build/ --domain css-rules.surge.sh`
18 verbose stack Exit status 1
18 verbose stack     at EventEmitter.<anonymous> (/usr/local/lib/node_modules/npm/lib/utils/lifecycle.js:232:16)
18 verbose stack     at emitTwo (events.js:100:13)
18 verbose stack     at EventEmitter.emit (events.js:185:7)
18 verbose stack     at ChildProcess.<anonymous> (/usr/local/lib/node_modules/npm/lib/utils/spawn.js:24:14)
18 verbose stack     at emitTwo (events.js:100:13)
18 verbose stack     at ChildProcess.emit (events.js:185:7)
18 verbose stack     at maybeClose (internal/child_process.js:827:16)
18 verbose stack     at Process.ChildProcess._handle.onexit (internal/child_process.js:211:5)
19 verbose pkgid web-design-workshop@2.0.0
20 verbose cwd /Users/nwiselocal/Personal/web-design-workshop
21 error Darwin 14.5.0
22 error argv "/usr/local/bin/node" "/usr/local/bin/npm" "run" "deploy"
23 error node v5.6.0
24 error npm  v3.6.0
25 error code ELIFECYCLE
26 error web-design-workshop@2.0.0 deploy: `surge build/ --domain css-rules.surge.sh`
26 error Exit status 1
27 error Failed at the web-design-workshop@2.0.0 deploy script 'surge build/ --domain css-rules.surge.sh'.
27 error Make sure you have the latest version of node.js and npm installed.
27 error If you do, this is most likely a problem with the web-design-workshop package,
27 error not with npm itself.
27 error Tell the author that this fails on your system:
27 error     surge build/ --domain css-rules.surge.sh
27 error You can get information on how to open an issue for this project with:
27 error     npm bugs web-design-workshop
27 error Or if that isn't available, you can get their info via:
27 error     npm owner ls web-design-workshop
27 error There is likely additional logging output above.
28 verbose exit [ 1, true ]
